{"/Users/manjunath/Desktop/Folders/WebDev/training@talview/Backend/knextest/knexfile.js": {"path":"/Users/manjunath/Desktop/Folders/WebDev/training@talview/Backend/knextest/knexfile.js","statementMap":{"0":{"start":{"line":1,"column":0},"end":{"line":34,"column":2}}},"fnMap":{},"branchMap":{},"s":{"0":1},"f":{},"b":{},"_coverageSchema":"1a1c01bbd47fc00a2c39e90264f33305004495a9","hash":"121b1c66573d556a59ea9365d747eae44a697593"}
,"/Users/manjunath/Desktop/Folders/WebDev/training@talview/Backend/knextest/server.js": {"path":"/Users/manjunath/Desktop/Folders/WebDev/training@talview/Backend/knextest/server.js","statementMap":{"0":{"start":{"line":1,"column":16},"end":{"line":1,"column":34}},"1":{"start":{"line":2,"column":15},"end":{"line":2,"column":37}},"2":{"start":{"line":3,"column":11},"end":{"line":3,"column":34}},"3":{"start":{"line":5,"column":10},"end":{"line":5,"column":19}},"4":{"start":{"line":6,"column":0},"end":{"line":6,"column":26}},"5":{"start":{"line":7,"column":0},"end":{"line":7,"column":48}},"6":{"start":{"line":8,"column":0},"end":{"line":8,"column":23}},"7":{"start":{"line":10,"column":16},"end":{"line":15,"column":1}},"8":{"start":{"line":12,"column":4},"end":{"line":14,"column":6}},"9":{"start":{"line":13,"column":8},"end":{"line":13,"column":24}},"10":{"start":{"line":18,"column":16},"end":{"line":27,"column":1}},"11":{"start":{"line":19,"column":20},"end":{"line":19,"column":33}},"12":{"start":{"line":20,"column":4},"end":{"line":26,"column":7}},"13":{"start":{"line":21,"column":8},"end":{"line":25,"column":9}},"14":{"start":{"line":22,"column":12},"end":{"line":22,"column":51}},"15":{"start":{"line":24,"column":12},"end":{"line":24,"column":29}},"16":{"start":{"line":30,"column":18},"end":{"line":36,"column":1}},"17":{"start":{"line":31,"column":18},"end":{"line":31,"column":26}},"18":{"start":{"line":32,"column":4},"end":{"line":35,"column":10}},"19":{"start":{"line":34,"column":12},"end":{"line":34,"column":59}},"20":{"start":{"line":38,"column":18},"end":{"line":53,"column":1}},"21":{"start":{"line":40,"column":18},"end":{"line":40,"column":31}},"22":{"start":{"line":41,"column":24},"end":{"line":41,"column":32}},"23":{"start":{"line":42,"column":4},"end":{"line":52,"column":9}},"24":{"start":{"line":50,"column":12},"end":{"line":50,"column":62}},"25":{"start":{"line":55,"column":21},"end":{"line":72,"column":1}},"26":{"start":{"line":56,"column":18},"end":{"line":56,"column":31}},"27":{"start":{"line":57,"column":24},"end":{"line":57,"column":32}},"28":{"start":{"line":59,"column":4},"end":{"line":71,"column":9}},"29":{"start":{"line":69,"column":12},"end":{"line":69,"column":63}},"30":{"start":{"line":73,"column":19},"end":{"line":83,"column":1}},"31":{"start":{"line":74,"column":19},"end":{"line":74,"column":32}},"32":{"start":{"line":76,"column":4},"end":{"line":82,"column":9}},"33":{"start":{"line":80,"column":12},"end":{"line":80,"column":62}},"34":{"start":{"line":86,"column":17},"end":{"line":94,"column":1}},"35":{"start":{"line":88,"column":15},"end":{"line":88,"column":29}},"36":{"start":{"line":89,"column":17},"end":{"line":89,"column":29}},"37":{"start":{"line":90,"column":17},"end":{"line":90,"column":28}},"38":{"start":{"line":91,"column":4},"end":{"line":93,"column":6}},"39":{"start":{"line":92,"column":8},"end":{"line":92,"column":23}},"40":{"start":{"line":96,"column":0},"end":{"line":96,"column":30}},"41":{"start":{"line":97,"column":0},"end":{"line":97,"column":35}},"42":{"start":{"line":98,"column":0},"end":{"line":98,"column":35}},"43":{"start":{"line":99,"column":0},"end":{"line":99,"column":40}},"44":{"start":{"line":100,"column":0},"end":{"line":100,"column":44}},"45":{"start":{"line":101,"column":0},"end":{"line":101,"column":41}},"46":{"start":{"line":102,"column":0},"end":{"line":102,"column":37}},"47":{"start":{"line":105,"column":11},"end":{"line":105,"column":35}},"48":{"start":{"line":106,"column":0},"end":{"line":108,"column":2}},"49":{"start":{"line":107,"column":4},"end":{"line":107,"column":68}},"50":{"start":{"line":110,"column":0},"end":{"line":110,"column":21}}},"fnMap":{"0":{"name":"(anonymous_0)","decl":{"start":{"line":10,"column":16},"end":{"line":10,"column":17}},"loc":{"start":{"line":10,"column":27},"end":{"line":15,"column":1}},"line":10},"1":{"name":"(anonymous_1)","decl":{"start":{"line":12,"column":52},"end":{"line":12,"column":53}},"loc":{"start":{"line":12,"column":62},"end":{"line":14,"column":5}},"line":12},"2":{"name":"(anonymous_2)","decl":{"start":{"line":18,"column":16},"end":{"line":18,"column":17}},"loc":{"start":{"line":18,"column":30},"end":{"line":27,"column":1}},"line":18},"3":{"name":"(anonymous_3)","decl":{"start":{"line":20,"column":59},"end":{"line":20,"column":60}},"loc":{"start":{"line":20,"column":71},"end":{"line":26,"column":5}},"line":20},"4":{"name":"(anonymous_4)","decl":{"start":{"line":30,"column":18},"end":{"line":30,"column":19}},"loc":{"start":{"line":30,"column":29},"end":{"line":36,"column":1}},"line":30},"5":{"name":"(anonymous_5)","decl":{"start":{"line":33,"column":14},"end":{"line":33,"column":15}},"loc":{"start":{"line":33,"column":18},"end":{"line":35,"column":9}},"line":33},"6":{"name":"(anonymous_6)","decl":{"start":{"line":38,"column":18},"end":{"line":38,"column":19}},"loc":{"start":{"line":38,"column":29},"end":{"line":53,"column":1}},"line":38},"7":{"name":"(anonymous_7)","decl":{"start":{"line":49,"column":14},"end":{"line":49,"column":15}},"loc":{"start":{"line":49,"column":20},"end":{"line":51,"column":9}},"line":49},"8":{"name":"(anonymous_8)","decl":{"start":{"line":55,"column":21},"end":{"line":55,"column":22}},"loc":{"start":{"line":55,"column":35},"end":{"line":72,"column":1}},"line":55},"9":{"name":"(anonymous_9)","decl":{"start":{"line":68,"column":14},"end":{"line":68,"column":15}},"loc":{"start":{"line":68,"column":20},"end":{"line":70,"column":9}},"line":68},"10":{"name":"(anonymous_10)","decl":{"start":{"line":73,"column":19},"end":{"line":73,"column":20}},"loc":{"start":{"line":73,"column":33},"end":{"line":83,"column":1}},"line":73},"11":{"name":"(anonymous_11)","decl":{"start":{"line":79,"column":14},"end":{"line":79,"column":15}},"loc":{"start":{"line":79,"column":20},"end":{"line":81,"column":9}},"line":79},"12":{"name":"(anonymous_12)","decl":{"start":{"line":86,"column":17},"end":{"line":86,"column":18}},"loc":{"start":{"line":86,"column":28},"end":{"line":94,"column":1}},"line":86},"13":{"name":"(anonymous_13)","decl":{"start":{"line":91,"column":67},"end":{"line":91,"column":68}},"loc":{"start":{"line":91,"column":75},"end":{"line":93,"column":5}},"line":91},"14":{"name":"(anonymous_14)","decl":{"start":{"line":106,"column":16},"end":{"line":106,"column":17}},"loc":{"start":{"line":106,"column":20},"end":{"line":108,"column":1}},"line":106}},"branchMap":{"0":{"loc":{"start":{"line":21,"column":8},"end":{"line":25,"column":9}},"type":"if","locations":[{"start":{"line":21,"column":8},"end":{"line":25,"column":9}},{"start":{"line":23,"column":15},"end":{"line":25,"column":9}}],"line":21},"1":{"loc":{"start":{"line":105,"column":11},"end":{"line":105,"column":35}},"type":"binary-expr","locations":[{"start":{"line":105,"column":11},"end":{"line":105,"column":27}},{"start":{"line":105,"column":31},"end":{"line":105,"column":35}}],"line":105}},"s":{"0":1,"1":1,"2":1,"3":1,"4":1,"5":1,"6":1,"7":1,"8":1,"9":1,"10":1,"11":2,"12":2,"13":2,"14":1,"15":1,"16":1,"17":1,"18":1,"19":1,"20":1,"21":1,"22":1,"23":1,"24":1,"25":1,"26":1,"27":1,"28":1,"29":1,"30":1,"31":1,"32":1,"33":1,"34":1,"35":1,"36":1,"37":1,"38":1,"39":1,"40":1,"41":1,"42":1,"43":1,"44":1,"45":1,"46":1,"47":1,"48":1,"49":1,"50":1},"f":{"0":1,"1":1,"2":2,"3":2,"4":1,"5":1,"6":1,"7":1,"8":1,"9":1,"10":1,"11":1,"12":1,"13":1,"14":1},"b":{"0":[1,1],"1":[1,1]},"_coverageSchema":"1a1c01bbd47fc00a2c39e90264f33305004495a9","hash":"e1989c8e09354f938b381bdd0c22948c80a965b6"}
,"/Users/manjunath/Desktop/Folders/WebDev/training@talview/Backend/knextest/db/knex.js": {"path":"/Users/manjunath/Desktop/Folders/WebDev/training@talview/Backend/knextest/db/knex.js","statementMap":{"0":{"start":{"line":1,"column":18},"end":{"line":1,"column":55}},"1":{"start":{"line":2,"column":15},"end":{"line":2,"column":53}},"2":{"start":{"line":4,"column":0},"end":{"line":6,"column":1}},"3":{"start":{"line":5,"column":4},"end":{"line":5,"column":49}},"4":{"start":{"line":8,"column":0},"end":{"line":8,"column":43}}},"fnMap":{},"branchMap":{"0":{"loc":{"start":{"line":1,"column":18},"end":{"line":1,"column":55}},"type":"binary-expr","locations":[{"start":{"line":1,"column":18},"end":{"line":1,"column":38}},{"start":{"line":1,"column":42},"end":{"line":1,"column":55}}],"line":1},"1":{"loc":{"start":{"line":4,"column":0},"end":{"line":6,"column":1}},"type":"if","locations":[{"start":{"line":4,"column":0},"end":{"line":6,"column":1}},{"start":{},"end":{}}],"line":4}},"s":{"0":1,"1":1,"2":1,"3":1,"4":1},"f":{},"b":{"0":[1,0],"1":[1,0]},"_coverageSchema":"1a1c01bbd47fc00a2c39e90264f33305004495a9","hash":"d13427128a825ff329bdb0b396c783372a7ef770"}
}
